#
# There is insufficient memory for the Java Runtime Environment to continue.
# Native memory allocation (malloc) failed to allocate 1766288 bytes for Chunk::new
# Possible reasons:
#   The system is out of physical RAM or swap space
#   In 32 bit mode, the process size limit was hit
# Possible solutions:
#   Reduce memory load on the system
#   Increase physical memory or swap space
#   Check if swap backing store is full
#   Use 64 bit Java on a 64 bit OS
#   Decrease Java heap size (-Xmx/-Xms)
#   Decrease number of Java threads
#   Decrease Java thread stack sizes (-Xss)
#   Set larger code cache with -XX:ReservedCodeCacheSize=
# This output file may be truncated or incomplete.
#
#  Out of Memory Error (allocation.cpp:390), pid=15296, tid=424
#
# JRE version: Java(TM) SE Runtime Environment (8.0_45-b14) (build 1.8.0_45-b14)
# Java VM: Java HotSpot(TM) 64-Bit Server VM (25.45-b02 mixed mode windows-amd64 compressed oops)
# Failed to write core dump. Minidumps are not enabled by default on client versions of Windows
#

---------------  T H R E A D  ---------------

Current thread (0x0000000017e8d800):  JavaThread "C2 CompilerThread0" daemon [_thread_in_native, id=424, stack(0x0000000018460000,0x0000000018560000)]

Stack: [0x0000000018460000,0x0000000018560000]
Native frames: (J=compiled Java code, j=interpreted, Vv=VM code, C=native code)
V  [jvm.dll+0x32b57a]
V  [jvm.dll+0x279873]
V  [jvm.dll+0x27a509]
V  [jvm.dll+0x271825]
V  [jvm.dll+0xcb9e2]
V  [jvm.dll+0xcbeac]
V  [jvm.dll+0x464342]
V  [jvm.dll+0x4db685]
V  [jvm.dll+0x4dc287]
V  [jvm.dll+0x46a551]
V  [jvm.dll+0x46cd52]
V  [jvm.dll+0x4500f2]
V  [jvm.dll+0xa4352]
V  [jvm.dll+0xa4c8f]
V  [jvm.dll+0x241984]
V  [jvm.dll+0x29853a]
C  [MSVCR100.dll+0x21d9f]
C  [MSVCR100.dll+0x21e3b]
C  [KERNEL32.DLL+0x17034]
C  [ntdll.dll+0x52651]


Current CompileTask:
C2:   3720 2850       4       org.mozilla.javascript.Parser::memberExprTail (490 bytes)


---------------  P R O C E S S  ---------------

Java Threads: ( => current thread )
  0x00000000195c5000 JavaThread "Thread-3" daemon [_thread_blocked, id=19664, stack(0x000000001aae0000,0x000000001abe0000)]
  0x00000000194dc800 JavaThread "Thread-2" daemon [_thread_blocked, id=19492, stack(0x000000001a9e0000,0x000000001aae0000)]
  0x00000000191be000 JavaThread "Thread-1" daemon [_thread_blocked, id=22136, stack(0x000000001a2e0000,0x000000001a3e0000)]
  0x0000000017f18800 JavaThread "Service Thread" daemon [_thread_blocked, id=19312, stack(0x0000000018860000,0x0000000018960000)]
  0x0000000017e9f000 JavaThread "C1 CompilerThread3" daemon [_thread_blocked, id=21900, stack(0x0000000018760000,0x0000000018860000)]
  0x0000000017e97800 JavaThread "C2 CompilerThread2" daemon [_thread_in_native, id=22268, stack(0x0000000018660000,0x0000000018760000)]
  0x0000000017e8f800 JavaThread "C2 CompilerThread1" daemon [_thread_in_native, id=3764, stack(0x0000000018560000,0x0000000018660000)]
=>0x0000000017e8d800 JavaThread "C2 CompilerThread0" daemon [_thread_in_native, id=424, stack(0x0000000018460000,0x0000000018560000)]
  0x0000000017e8a800 JavaThread "Attach Listener" daemon [_thread_blocked, id=22304, stack(0x0000000018360000,0x0000000018460000)]
  0x0000000017e89800 JavaThread "Signal Dispatcher" daemon [_thread_blocked, id=22252, stack(0x0000000018260000,0x0000000018360000)]
  0x000000000336b000 JavaThread "Finalizer" daemon [_thread_blocked, id=21664, stack(0x0000000017d60000,0x0000000017e60000)]
  0x0000000015e8d000 JavaThread "Reference Handler" daemon [_thread_blocked, id=11180, stack(0x0000000017c60000,0x0000000017d60000)]
  0x0000000003272800 JavaThread "main" [_thread_in_Java, id=20672, stack(0x0000000001200000,0x0000000001300000)]

Other Threads:
  0x0000000015e89800 VMThread [stack: 0x0000000017b60000,0x0000000017c60000] [id=4848]
  0x0000000017f3b000 WatcherThread [stack: 0x0000000018960000,0x0000000018a60000] [id=4776]

VM state:not at safepoint (normal execution)

VM Mutex/Monitor currently owned by a thread: None

Heap:
 PSYoungGen      total 71680K, used 11407K [0x00000000eab00000, 0x00000000ef600000, 0x0000000100000000)
  eden space 66560K, 17% used [0x00000000eab00000,0x00000000eb623cd8,0x00000000eec00000)
  from space 5120K, 0% used [0x00000000eec00000,0x00000000eec00000,0x00000000ef100000)
  to   space 5120K, 0% used [0x00000000ef100000,0x00000000ef100000,0x00000000ef600000)
 ParOldGen       total 87552K, used 70444K [0x00000000c0000000, 0x00000000c5580000, 0x00000000eab00000)
  object space 87552K, 80% used [0x00000000c0000000,0x00000000c44cb390,0x00000000c5580000)
 Metaspace       used 16394K, capacity 16646K, committed 16896K, reserved 1064960K
  class space    used 1905K, capacity 1949K, committed 2048K, reserved 1048576K

Card table byte_map: [0x0000000012730000,0x0000000012940000] byte_map_base: 0x0000000012130000

Marking Bits: (ParMarkBitMap*) 0x000000006c384040
 Begin Bits: [0x00000000132a0000, 0x00000000142a0000)
 End Bits:   [0x00000000142a0000, 0x00000000152a0000)

Polling page: 0x00000000030d0000

CodeCache: size=245760Kb used=10513Kb max_used=10520Kb free=235246Kb
 bounds [0x0000000003370000, 0x0000000003dd0000, 0x0000000012370000]
 total_blobs=3249 nmethods=2863 adapters=297
 compilation: enabled

Compilation events (10 events):
Event: 3.679 Thread 0x0000000017e9f000 2887       2       org.mozilla.javascript.ast.SwitchCase::setExpression (15 bytes)
Event: 3.679 Thread 0x0000000017e9f000 nmethod 2887 0x0000000003d80950 code [0x0000000003d80ac0, 0x0000000003d80c68]
Event: 3.679 Thread 0x0000000017e9f000 2888       2       org.mozilla.javascript.ast.SwitchStatement::addCase (40 bytes)
Event: 3.679 Thread 0x0000000017e9f000 nmethod 2888 0x0000000003d80310 code [0x0000000003d804a0, 0x0000000003d807a8]
Event: 3.681 Thread 0x0000000017e9f000 2890       2       com.sencha.tools.compiler.ast.RhinoConverter$1$26::convert (11 bytes)
Event: 3.682 Thread 0x0000000017e9f000 nmethod 2890 0x0000000003dbf4d0 code [0x0000000003dbf640, 0x0000000003dbf828]
Event: 3.682 Thread 0x0000000017e9f000 2891       2       com.sencha.tools.compiler.ast.js.SwitchCase::<init> (5 bytes)
Event: 3.682 Thread 0x0000000017e9f000 nmethod 2891 0x0000000003dbf010 code [0x0000000003dbf180, 0x0000000003dbf3f0]
Event: 3.682 Thread 0x0000000017e9f000 2892       2       com.sencha.tools.compiler.ast.js.SwitchCase::setExpression (6 bytes)
Event: 3.682 Thread 0x0000000017e9f000 nmethod 2892 0x0000000003d7ff90 code [0x0000000003d800e0, 0x0000000003d80250]

GC Heap History (10 events):
Event: 1.842 GC heap before
{Heap before GC invocations=4 (full 0):
 PSYoungGen      total 38400K, used 38382K [0x00000000eab00000, 0x00000000ef600000, 0x0000000100000000)
  eden space 33280K, 100% used [0x00000000eab00000,0x00000000ecb80000,0x00000000ecb80000)
  from space 5120K, 99% used [0x00000000ecb80000,0x00000000ed07baf0,0x00000000ed080000)
  to   space 5120K, 0% used [0x00000000ef100000,0x00000000ef100000,0x00000000ef600000)
 ParOldGen       total 87552K, used 7447K [0x00000000c0000000, 0x00000000c5580000, 0x00000000eab00000)
  object space 87552K, 8% used [0x00000000c0000000,0x00000000c0745e20,0x00000000c5580000)
 Metaspace       used 16118K, capacity 16384K, committed 16640K, reserved 1064960K
  class space    used 1899K, capacity 1948K, committed 2048K, reserved 1048576K
Event: 1.865 GC heap after
Heap after GC invocations=4 (full 0):
 PSYoungGen      total 71680K, used 5115K [0x00000000eab00000, 0x00000000ef600000, 0x0000000100000000)
  eden space 66560K, 0% used [0x00000000eab00000,0x00000000eab00000,0x00000000eec00000)
  from space 5120K, 99% used [0x00000000ef100000,0x00000000ef5fefc0,0x00000000ef600000)
  to   space 5120K, 0% used [0x00000000eec00000,0x00000000eec00000,0x00000000ef100000)
 ParOldGen       total 87552K, used 13236K [0x00000000c0000000, 0x00000000c5580000, 0x00000000eab00000)
  object space 87552K, 15% used [0x00000000c0000000,0x00000000c0ced218,0x00000000c5580000)
 Metaspace       used 16118K, capacity 16384K, committed 16640K, reserved 1064960K
  class space    used 1899K, capacity 1948K, committed 2048K, reserved 1048576K
}
Event: 2.325 GC heap before
{Heap before GC invocations=5 (full 0):
 PSYoungGen      total 71680K, used 71675K [0x00000000eab00000, 0x00000000ef600000, 0x0000000100000000)
  eden space 66560K, 100% used [0x00000000eab00000,0x00000000eec00000,0x00000000eec00000)
  from space 5120K, 99% used [0x00000000ef100000,0x00000000ef5fefc0,0x00000000ef600000)
  to   space 5120K, 0% used [0x00000000eec00000,0x00000000eec00000,0x00000000ef100000)
 ParOldGen       total 87552K, used 13236K [0x00000000c0000000, 0x00000000c5580000, 0x00000000eab00000)
  object space 87552K, 15% used [0x00000000c0000000,0x00000000c0ced218,0x00000000c5580000)
 Metaspace       used 16335K, capacity 16582K, committed 16896K, reserved 1064960K
  class space    used 1905K, capacity 1949K, committed 2048K, reserved 1048576K
Event: 2.353 GC heap after
Heap after GC invocations=5 (full 0):
 PSYoungGen      total 71680K, used 5116K [0x00000000eab00000, 0x00000000ef600000, 0x0000000100000000)
  eden space 66560K, 0% used [0x00000000eab00000,0x00000000eab00000,0x00000000eec00000)
  from space 5120K, 99% used [0x00000000eec00000,0x00000000ef0ff000,0x00000000ef100000)
  to   space 5120K, 0% used [0x00000000ef100000,0x00000000ef100000,0x00000000ef600000)
 ParOldGen       total 87552K, used 30469K [0x00000000c0000000, 0x00000000c5580000, 0x00000000eab00000)
  object space 87552K, 34% used [0x00000000c0000000,0x00000000c1dc1648,0x00000000c5580000)
 Metaspace       used 16335K, capacity 16582K, committed 16896K, reserved 1064960K
  class space    used 1905K, capacity 1949K, committed 2048K, reserved 1048576K
}
Event: 2.951 GC heap before
{Heap before GC invocations=6 (full 0):
 PSYoungGen      total 71680K, used 71676K [0x00000000eab00000, 0x00000000ef600000, 0x0000000100000000)
  eden space 66560K, 100% used [0x00000000eab00000,0x00000000eec00000,0x00000000eec00000)
  from space 5120K, 99% used [0x00000000eec00000,0x00000000ef0ff000,0x00000000ef100000)
  to   space 5120K, 0% used [0x00000000ef100000,0x00000000ef100000,0x00000000ef600000)
 ParOldGen       total 87552K, used 30469K [0x00000000c0000000, 0x00000000c5580000, 0x00000000eab00000)
  object space 87552K, 34% used [0x00000000c0000000,0x00000000c1dc1648,0x00000000c5580000)
 Metaspace       used 16381K, capacity 16582K, committed 16896K, reserved 1064960K
  class space    used 1905K, capacity 1949K, committed 2048K, reserved 1048576K
Event: 2.990 GC heap after
Heap after GC invocations=6 (full 0):
 PSYoungGen      total 71680K, used 5100K [0x00000000eab00000, 0x00000000ef600000, 0x0000000100000000)
  eden space 66560K, 0% used [0x00000000eab00000,0x00000000eab00000,0x00000000eec00000)
  from space 5120K, 99% used [0x00000000ef100000,0x00000000ef5fb2b0,0x00000000ef600000)
  to   space 5120K, 0% used [0x00000000eec00000,0x00000000eec00000,0x00000000ef100000)
 ParOldGen       total 87552K, used 49284K [0x00000000c0000000, 0x00000000c5580000, 0x00000000eab00000)
  object space 87552K, 56% used [0x00000000c0000000,0x00000000c30210f8,0x00000000c5580000)
 Metaspace       used 16381K, capacity 16582K, committed 16896K, reserved 1064960K
  class space    used 1905K, capacity 1949K, committed 2048K, reserved 1048576K
}
Event: 3.322 GC heap before
{Heap before GC invocations=7 (full 0):
 PSYoungGen      total 71680K, used 71660K [0x00000000eab00000, 0x00000000ef600000, 0x0000000100000000)
  eden space 66560K, 100% used [0x00000000eab00000,0x00000000eec00000,0x00000000eec00000)
  from space 5120K, 99% used [0x00000000ef100000,0x00000000ef5fb2b0,0x00000000ef600000)
  to   space 5120K, 0% used [0x00000000eec00000,0x00000000eec00000,0x00000000ef100000)
 ParOldGen       total 87552K, used 49284K [0x00000000c0000000, 0x00000000c5580000, 0x00000000eab00000)
  object space 87552K, 56% used [0x00000000c0000000,0x00000000c30210f8,0x00000000c5580000)
 Metaspace       used 16392K, capacity 16646K, committed 16896K, reserved 1064960K
  class space    used 1905K, capacity 1949K, committed 2048K, reserved 1048576K
Event: 3.358 GC heap after
Heap after GC invocations=7 (full 0):
 PSYoungGen      total 71680K, used 5101K [0x00000000eab00000, 0x00000000ef600000, 0x0000000100000000)
  eden space 66560K, 0% used [0x00000000eab00000,0x00000000eab00000,0x00000000eec00000)
  from space 5120K, 99% used [0x00000000eec00000,0x00000000ef0fb7d0,0x00000000ef100000)
  to   space 5120K, 0% used [0x00000000ef100000,0x00000000ef100000,0x00000000ef600000)
 ParOldGen       total 87552K, used 69269K [0x00000000c0000000, 0x00000000c5580000, 0x00000000eab00000)
  object space 87552K, 79% used [0x00000000c0000000,0x00000000c43a5420,0x00000000c5580000)
 Metaspace       used 16392K, capacity 16646K, committed 16896K, reserved 1064960K
  class space    used 1905K, capacity 1949K, committed 2048K, reserved 1048576K
}
Event: 3.358 GC heap before
{Heap before GC invocations=8 (full 1):
 PSYoungGen      total 71680K, used 5101K [0x00000000eab00000, 0x00000000ef600000, 0x0000000100000000)
  eden space 66560K, 0% used [0x00000000eab00000,0x00000000eab00000,0x00000000eec00000)
  from space 5120K, 99% used [0x00000000eec00000,0x00000000ef0fb7d0,0x00000000ef100000)
  to   space 5120K, 0% used [0x00000000ef100000,0x00000000ef100000,0x00000000ef600000)
 ParOldGen       total 87552K, used 69269K [0x00000000c0000000, 0x00000000c5580000, 0x00000000eab00000)
  object space 87552K, 79% used [0x00000000c0000000,0x00000000c43a5420,0x00000000c5580000)
 Metaspace       used 16392K, capacity 16646K, committed 16896K, reserved 1064960K
  class space    used 1905K, capacity 1949K, committed 2048K, reserved 1048576K
Event: 3.643 GC heap after
Heap after GC invocations=8 (full 1):
 PSYoungGen      total 71680K, used 0K [0x00000000eab00000, 0x00000000ef600000, 0x0000000100000000)
  eden space 66560K, 0% used [0x00000000eab00000,0x00000000eab00000,0x00000000eec00000)
  from space 5120K, 0% used [0x00000000eec00000,0x00000000eec00000,0x00000000ef100000)
  to   space 5120K, 0% used [0x00000000ef100000,0x00000000ef100000,0x00000000ef600000)
 ParOldGen       total 87552K, used 70444K [0x00000000c0000000, 0x00000000c5580000, 0x00000000eab00000)
  object space 87552K, 80% used [0x00000000c0000000,0x00000000c44cb390,0x00000000c5580000)
 Metaspace       used 16392K, capacity 16646K, committed 16896K, reserved 1064960K
  class space    used 1905K, capacity 1949K, committed 2048K, reserved 1048576K
}

Deoptimization events (10 events):
Event: 2.023 Thread 0x0000000003272800 Uncommon trap: reason=class_check action=maybe_recompile pc=0x0000000003c1d420 method=java.util.regex.Pattern$Begin.match(Ljava/util/regex/Matcher;ILjava/lang/CharSequence;)Z @ 30
Event: 2.026 Thread 0x0000000003272800 Uncommon trap: reason=class_check action=maybe_recompile pc=0x0000000003c1d420 method=java.util.regex.Pattern$Begin.match(Ljava/util/regex/Matcher;ILjava/lang/CharSequence;)Z @ 30
Event: 2.026 Thread 0x0000000003272800 Uncommon trap: reason=class_check action=maybe_recompile pc=0x0000000003c1d420 method=java.util.regex.Pattern$Begin.match(Ljava/util/regex/Matcher;ILjava/lang/CharSequence;)Z @ 30
Event: 2.047 Thread 0x0000000003272800 Uncommon trap: reason=class_check action=maybe_recompile pc=0x000000000372b7bc method=java.util.HashMap.putVal(ILjava/lang/Object;Ljava/lang/Object;ZZ)Ljava/lang/Object; @ 203
Event: 2.085 Thread 0x0000000003272800 Uncommon trap: reason=unstable_if action=reinterpret pc=0x0000000003c22c68 method=org.mozilla.javascript.TokenStream.stringToKeyword(Ljava/lang/String;)I @ 653
Event: 2.205 Thread 0x0000000003272800 Uncommon trap: reason=unstable_if action=reinterpret pc=0x0000000003b509c4 method=org.mozilla.javascript.ObjToIntMap.ensureIndex(Ljava/lang/Object;)I @ 80
Event: 2.215 Thread 0x0000000003272800 Uncommon trap: reason=unstable_if action=reinterpret pc=0x00000000034d3300 method=java.lang.CharacterData.of(I)Ljava/lang/CharacterData; @ 4
Event: 2.523 Thread 0x0000000003272800 Uncommon trap: reason=unstable_if action=reinterpret pc=0x0000000003c8bd54 method=org.mozilla.javascript.Parser.checkCallRequiresActivation(Lorg/mozilla/javascript/ast/AstNode;)V @ 21
Event: 2.727 Thread 0x0000000003272800 Uncommon trap: reason=unstable_if action=reinterpret pc=0x0000000003cc145c method=org.mozilla.javascript.TokenStream.getToken()I @ 2056
Event: 3.023 Thread 0x0000000003272800 Uncommon trap: reason=class_check action=maybe_recompile pc=0x000000000372b79c method=java.util.HashMap.putVal(ILjava/lang/Object;Ljava/lang/Object;ZZ)Ljava/lang/Object; @ 253

Internal exceptions (10 events):
Event: 1.474 Thread 0x0000000003272800 Exception <a 'java/lang/ClassNotFoundException': com/sencha/command/compile/IncludeCommandBeanInfo> (0x00000000eb79e000) thrown at [C:\re\workspace\8-2-build-windows-amd64-cygwin\jdk8u45\3457\hotspot\src\share\vm\classfile\systemDictionary.cpp, line 210]
Event: 1.476 Thread 0x0000000003272800 Exception <a 'java/lang/ClassNotFoundException': com/sencha/command/compile/BaseFilterCommandBeanInfo> (0x00000000eb7a9058) thrown at [C:\re\workspace\8-2-build-windows-amd64-cygwin\jdk8u45\3457\hotspot\src\share\vm\classfile\systemDictionary.cpp, line 210
Event: 1.476 Thread 0x0000000003272800 Exception <a 'java/lang/ClassNotFoundException': com/sencha/command/compile/BaseCompileCommandBeanInfo> (0x00000000eb7b45b0) thrown at [C:\re\workspace\8-2-build-windows-amd64-cygwin\jdk8u45\3457\hotspot\src\share\vm\classfile\systemDictionary.cpp, line 21Fx Wè†˜?
Event: 1.477 Thread 0x0000000003272800 Exception <a 'java/lang/ClassNotFoundException': com/sencha/command/BaseSenchaCommandBeanInfo> (0x00000000eb7be4b0) thrown at [C:\re\workspace\8-2-build-windows-amd64-cygwin\jdk8u45\3457\hotspot\src\share\vm\classfile\systemDictionary.cpp, line 210]
Event: 1.477 Thread 0x0000000003272800 Exception <a 'java/lang/ClassNotFoundException': com/sencha/cli/CommandBeanInfo> (0x00000000eb7c6278) thrown at [C:\re\workspace\8-2-build-windows-amd64-cygwin\jdk8u45\3457\hotspot\src\share\vm\classfile\systemDictionary.cpp, line 210]
Event: 1.477 Thread 0x0000000003272800 Exception <a 'java/lang/ClassNotFoundException': com/sencha/cli/CommandCustomizer> (0x00000000eb7ce5f8) thrown at [C:\re\workspace\8-2-build-windows-amd64-cygwin\jdk8u45\3457\hotspot\src\share\vm\classfile\systemDictionary.cpp, line 210]
Event: 1.478 Thread 0x0000000003272800 Exception <a 'java/lang/ClassNotFoundException': com/sencha/command/BaseSenchaCommandCustomizer> (0x00000000eb7da810) thrown at [C:\re\workspace\8-2-build-windows-amd64-cygwin\jdk8u45\3457\hotspot\src\share\vm\classfile\systemDictionary.cpp, line 210]
Event: 1.479 Thread 0x0000000003272800 Exception <a 'java/lang/ClassNotFoundException': com/sencha/command/compile/BaseCompileCommandCustomizer> (0x00000000eb7ee110) thrown at [C:\re\workspace\8-2-build-windows-amd64-cygwin\jdk8u45\3457\hotspot\src\share\vm\classfile\systemDictionary.cpp, line T¸ﬂ™˜?
Event: 1.479 Thread 0x0000000003272800 Exception <a 'java/lang/ClassNotFoundException': com/sencha/command/compile/BaseFilterCommandCustomizer> (0x00000000eb81ee70) thrown at [C:\re\workspace\8-2-build-windows-amd64-cygwin\jdk8u45\3457\hotspot\src\share\vm\classfile\systemDictionary.cpp, line 2
…∏òUÆ˜?
Event: 1.480 Thread 0x0000000003272800 Exception <a 'java/lang/ClassNotFoundException': com/sencha/command/compile/IncludeCommandCustomizer> (0x00000000eb833938) thrown at [C:\re\workspace\8-2-build-windows-amd64-cygwin\jdk8u45\3457\hotspot\src\share\vm\classfile\systemDictionary.cpp, line 210]‘Fu:êï˜?

Events (10 events):
Event: 2.798 Thread 0x0000000003272800 DEOPT UNPACKING pc=0x00000000033b787f sp=0x00000000012f7788 mode 0
Event: 2.802 Thread 0x0000000003272800 DEOPT PACKING pc=0x0000000003cced39 sp=0x00000000012f8540
Event: 2.802 Thread 0x0000000003272800 DEOPT UNPACKING pc=0x00000000033b787f sp=0x00000000012f8318 mode 0
Event: 2.951 Executing VM operation: ParallelGCFailedAllocation
Event: 2.990 Executing VM operation: ParallelGCFailedAllocation done
Event: 3.023 Thread 0x0000000003272800 Uncommon trap: trap_request=0xffffffde fr.pc=0x000000000372b79c
Event: 3.023 Thread 0x0000000003272800 DEOPT PACKING pc=0x000000000372b79c sp=0x00000000012fc3b0
Event: 3.023 Thread 0x0000000003272800 DEOPT UNPACKING pc=0x00000000033b582a sp=0x00000000012fc2c0 mode 2
Event: 3.322 Executing VM operation: ParallelGCFailedAllocation
Event: 3.643 Executing VM operation: ParallelGCFailedAllocation done


Dynamic libraries:
0x00007ff670420000 - 0x00007ff670494000 	C:\Users\mateu\bin\Sencha\Cmd\6.2.1.29\sencha.exe
0x00007ffcb52f0000 - 0x00007ffcb54e5000 	C:\WINDOWS\SYSTEM32\ntdll.dll
0x00007ffcb39b0000 - 0x00007ffcb3a6d000 	C:\WINDOWS\System32\KERNEL32.DLL
0x00007ffcb2da0000 - 0x00007ffcb3069000 	C:\WINDOWS\System32\KERNELBASE.dll
0x00007ffcb50e0000 - 0x00007ffcb5280000 	C:\WINDOWS\System32\USER32.dll
0x00007ffcb3240000 - 0x00007ffcb3262000 	C:\WINDOWS\System32\win32u.dll
0x00007ffcb3a70000 - 0x00007ffcb3a9a000 	C:\WINDOWS\System32\GDI32.dll
0x00007ffcb2b00000 - 0x00007ffcb2c0b000 	C:\WINDOWS\System32\gdi32full.dll
0x00007ffcb3070000 - 0x00007ffcb310d000 	C:\WINDOWS\System32\msvcp_win.dll
0x00007ffcb2a00000 - 0x00007ffcb2b00000 	C:\WINDOWS\System32\ucrtbase.dll
0x00007ffcb4ea0000 - 0x00007ffcb4f4c000 	C:\WINDOWS\System32\ADVAPI32.dll
0x00007ffcb4c30000 - 0x00007ffcb4cce000 	C:\WINDOWS\System32\msvcrt.dll
0x00007ffcb4a60000 - 0x00007ffcb4afc000 	C:\WINDOWS\System32\sechost.dll
0x00007ffcb4d60000 - 0x00007ffcb4e8b000 	C:\WINDOWS\System32\RPCRT4.dll
0x00007ffcb4d30000 - 0x00007ffcb4d60000 	C:\WINDOWS\System32\IMM32.DLL
0x00007ffca15c0000 - 0x00007ffca185a000 	C:\WINDOWS\WinSxS\amd64_microsoft.windows.common-controls_6595b64144ccf1df_6.0.19041.844_none_ca00b6081b84eb1d\comctl32.dll
0x000000006bb80000 - 0x000000006c403000 	c:\users\mateu\bin\sencha\cmd\6.2.1.29\jre\bin\server\jvm.dll
0x00007ffcb4e90000 - 0x00007ffcb4e98000 	C:\WINDOWS\System32\PSAPI.DLL
0x00007ffc8ca70000 - 0x00007ffc8ca79000 	C:\WINDOWS\SYSTEM32\WSOCK32.dll
0x00007ffcac120000 - 0x00007ffcac12a000 	C:\WINDOWS\SYSTEM32\VERSION.dll
0x00007ffcb4b00000 - 0x00007ffcb4b6b000 	C:\WINDOWS\System32\WS2_32.dll
0x00007ffca7360000 - 0x00007ffca7387000 	C:\WINDOWS\SYSTEM32\WINMM.dll
0x000000006baa0000 - 0x000000006bb72000 	C:\WINDOWS\SYSTEM32\MSVCR100.dll
0x000000006d690000 - 0x000000006d69f000 	c:\users\mateu\bin\sencha\cmd\6.2.1.29\jre\bin\verify.dll
0x000000006c4c0000 - 0x000000006c4e9000 	c:\users\mateu\bin\sencha\cmd\6.2.1.29\jre\bin\java.dll
0x000000006c4a0000 - 0x000000006c4b6000 	c:\users\mateu\bin\sencha\cmd\6.2.1.29\jre\bin\zip.dll
0x00007ffcb3bc0000 - 0x00007ffcb4302000 	C:\WINDOWS\System32\SHELL32.dll
0x00007ffcb0a60000 - 0x00007ffcb11f0000 	C:\WINDOWS\SYSTEM32\windows.storage.dll
0x00007ffcb4400000 - 0x00007ffcb4755000 	C:\WINDOWS\System32\combase.dll
0x00007ffcb23a0000 - 0x00007ffcb23cc000 	C:\WINDOWS\SYSTEM32\Wldp.dll
0x00007ffcb3900000 - 0x00007ffcb39ae000 	C:\WINDOWS\System32\SHCORE.dll
0x00007ffcb4cd0000 - 0x00007ffcb4d25000 	C:\WINDOWS\System32\shlwapi.dll
0x00007ffcb2940000 - 0x00007ffcb295f000 	C:\WINDOWS\SYSTEM32\profapi.dll
0x0000000180000000 - 0x000000018002e000 	C:\Users\mateu\bin\Sencha\Cmd\6.2.1.29\.install4j\i4jinst.dll
0x00007ffcb4f50000 - 0x00007ffcb507a000 	C:\WINDOWS\System32\ole32.dll
0x00007ffcb37b0000 - 0x00007ffcb387d000 	C:\WINDOWS\System32\OLEAUT32.dll
0x000000006c490000 - 0x000000006c49d000 	C:\Users\mateu\bin\Sencha\Cmd\6.2.1.29\jre\bin\management.dll
0x00007ffca3fd0000 - 0x00007ffca3fd9000 	C:\Users\mateu\AppData\Local\Temp\jansi-64-1.9.dll
0x000000006b9f0000 - 0x000000006ba93000 	C:\WINDOWS\WinSxS\amd64_microsoft.vc90.crt_1fc8b3b9a1e18e3b_9.0.30729.9625_none_08e1c10da83fbc83\MSVCR90.dll
0x000000006b9d0000 - 0x000000006b9ea000 	C:\Users\mateu\bin\Sencha\Cmd\6.2.1.29\jre\bin\net.dll
0x00007ffcb2190000 - 0x00007ffcb21fa000 	C:\WINDOWS\system32\mswsock.dll
0x000000006b9b0000 - 0x000000006b9c1000 	C:\Users\mateu\bin\Sencha\Cmd\6.2.1.29\jre\bin\nio.dll
0x00007ffca2a00000 - 0x00007ffca2be4000 	C:\WINDOWS\SYSTEM32\dbghelp.dll
0x00007ffcb31c0000 - 0x00007ffcb3240000 	C:\WINDOWS\System32\bcryptPrimitives.dll

VM Arguments:
jvm_args: -Dexe4j.semaphoreName=Local\c:_users_mateu_bin_sencha_cmd_6.2.1.29_sencha.exe0 -Dexe4j.isInstall4j=true -Dexe4j.moduleName=C:\Users\mateu\bin\Sencha\Cmd\6.2.1.29\sencha.exe -Dexe4j.tempDir= -Dexe4j.unextractedPosition=0 -Djava.library.path=C:\Program Files\Common Files\Oracle\Java\javapath;C:\Program Files (x86)\Common Files\Oracle\Java\javapath;C:\Program Files (x86)\Common Files\Intel\Shared Libraries\redist\intel64\compiler;C:\WINDOWS\system32;C:\WINDOWS;C:\WINDOWS\System32\Wbem;C:\WINDOWS\System32\WindowsPowerShell\v1.0\;C:\WINDOWS\System32\OpenSSH\;C:\Program Files (x86)\NVIDIA Corporation\PhysX\Common;C:\Program Files\NVIDIA Corporation\NVIDIA NvDLISR;C:\Program Files\Git\cmd;C:\Program Files\dotnet\;C:\Program Files\TortoiseGit\bin;C:\Program Files (x86)\Bitvise SSH Client;C:\Program Files\WireGuard\;C:\Users\mateu\bin\Sencha\Cmd;C:\Users\mateu\AppData\Local\Microsoft\WindowsApps;C:\Users\mateu\.dotnet\tools;C:\Program Files (x86)\Mikero\DePboTools\bin;C:\Users\mateu\AppData\Local\Programs\Microsoft VS Code\bin;C:\Program Files\Java\jdk-11.0.10\bin;C:\Program Files\Java\jdk-11.0.10\bin;C:\Users\mateu\AppData\Local\Android\sdk\emulator;C:\Users\mateu\AppData\Local\Android\sdk\platform-tools;C:\Users\mateu\AppData\Local\Android\sdk\tools;C:\Users\mateu\AppData\Local\Android\sdk\emulator;C:\Users\mateu\AppData\Local\Android\sdk\platform-tools;C:\Users\mateu\AppData\Local\Android\sdk\tools;c:\users\mateu\bin\sencha\cmd\6.2.1.29\jre\bin -Dexe4j.consoleCodepage=cp850 -Dinstall4j.launcherId=159 -Dinstall4j.swt=false -Xms128m -Xmx1024m -Dapple.awt.UIElement=true 
java_command: C:\Users\mateu\bin\Sencha\Cmd\6.2.1.29\sencha.exe
java_class_path (initial): C:\Users\mateu\bin\Sencha\Cmd\6.2.1.29\.install4j\i4jruntime.jar;C:\Users\mateu\bin\Sencha\Cmd\6.2.1.29\.\sencha.jar
Launcher Type: generic

Environment Variables:
JAVA_HOME=C:\Program Files\Java\jdk-11.0.10
JRE_HOME=C:\Program Files\Java\jdk-11.0.10
PATH=C:\Program Files\Common Files\Oracle\Java\javapath;C:\Program Files (x86)\Common Files\Oracle\Java\javapath;C:\Program Files (x86)\Common Files\Intel\Shared Libraries\redist\intel64\compiler;C:\WINDOWS\system32;C:\WINDOWS;C:\WINDOWS\System32\Wbem;C:\WINDOWS\System32\WindowsPowerShell\v1.0\;C:\WINDOWS\System32\OpenSSH\;C:\Program Files (x86)\NVIDIA Corporation\PhysX\Common;C:\Program Files\NVIDIA Corporation\NVIDIA NvDLISR;C:\Program Files\Git\cmd;C:\Program Files\dotnet\;C:\Program Files\TortoiseGit\bin;C:\Program Files (x86)\Bitvise SSH Client;C:\Program Files\WireGuard\;C:\Users\mateu\bin\Sencha\Cmd;C:\Users\mateu\AppData\Local\Microsoft\WindowsApps;C:\Users\mateu\.dotnet\tools;C:\Program Files (x86)\Mikero\DePboTools\bin;C:\Users\mateu\AppData\Local\Programs\Microsoft VS Code\bin;C:\Program Files\Java\jdk-11.0.10\bin;C:\Program Files\Java\jdk-11.0.10\bin;C:\Users\mateu\AppData\Local\Android\sdk\emulator;C:\Users\mateu\AppData\Local\Android\sdk\platform-tools;C:\Users\mateu\AppData\Local\Android\sdk\tools;C:\Users\mateu\AppData\Local\Android\sdk\emulator;C:\Users\mateu\AppData\Local\Android\sdk\platform-tools;C:\Users\mateu\AppData\Local\Android\sdk\tools;c:\users\mateu\bin\sencha\cmd\6.2.1.29\jre\bin
USERNAME=mateu
OS=Windows_NT
PROCESSOR_IDENTIFIER=Intel64 Family 6 Model 60 Stepping 3, GenuineIntel



---------------  S Y S T E M  ---------------

OS: Windows 10.0 , 64 bit Build 19041 (10.0.19041.804)

CPU:total 8 (4 cores per cpu, 2 threads per core) family 6 model 60 stepping 3, cmov, cx8, fxsr, mmx, sse, sse2, sse3, ssse3, sse4.1, sse4.2, popcnt, avx, avx2, aes, clmul, erms, lzcnt, ht, tsc, tscinvbit, bmi1, bmi2

Memory: 4k page, physical 16718184k(3044096k free), swap 21766836k(3112k free)

vm_info: Java HotSpot(TM) 64-Bit Server VM (25.45-b02) for windows-amd64 JRE (1.8.0_45-b14), built on Apr 10 2015 10:34:15 by "java_re" with MS VC++ 10.0 (VS2010)

time: Sat Apr 17 21:05:32 2021
elapsed time: 3 seconds (0d 0h 0m 3s)

